Sending: round-2.sean.andrei black
Response: Trying 132.206.74.217...
Response: Connected to vivaldi.cim.mcgill.ca.
Response: Escape character is '^]'.
round-2.sean.andrei black
Response: round-2.sean.andrei black
  1 2 3 4 5 6 7
1  , , , , , ,X
2 X, , , , , ,O
3 O, , , , , ,X
4 X, , , , , ,O
5 O, , , , , ,X
6 X, , , , , ,O
7 O, , , , , , 
  1 2 3 4 5 6 7
1  , , , , , ,X
2 X, , , , , ,O
3 O, , , , , ,X
4 X, , , , , ,O
5 O, , , , , ,X
6 X, , , , , ,O
7  ,O, , , , , 
move #1
turn took 19.011 seconds
action: 17E
position evaluation: 0

Sending: 16E
16E
Response: 16E
  1 2 3 4 5 6 7
1  , , , , , ,X
2 X, , , , , ,O
3 O, , , , , ,X
4 X, , , , , ,O
5 O, , , , , ,X
6  ,X, , , , ,O
7  ,O, , , , , 
move #2
26584056 nodes searched with max depth 15
turn took 19 seconds
action: 16E
position evaluation: -0.8125

  1 2 3 4 5 6 7
1  , , , , , ,X
2 X, , , , , ,O
3 O, , , , , ,X
4 X, , , , ,O, 
5 O, , , , , ,X
6  ,X, , , , ,O
7  ,O, , , , , 
move #3
turn took 19.014 seconds
action: 74W
position evaluation: 0.375

Sending: 14E
14E
Response: 14E
  1 2 3 4 5 6 7
1  , , , , , ,X
2 X, , , , , ,O
3 O, , , , , ,X
4  ,X, , , ,O, 
5 O, , , , , ,X
6  ,X, , , , ,O
7  ,O, , , , , 
move #4
24806746 nodes searched with max depth 14
turn took 19.001 seconds
action: 14E
position evaluation: -0.8125

  1 2 3 4 5 6 7
1  , , , , , ,X
2 X, , , , , ,O
3 O, , , , , ,X
4  ,X, , , ,O, 
5  ,O, , , , ,X
6  ,X, , , , ,O
7  ,O, , , , , 
move #5
turn took 19.01 seconds
action: 15E
position evaluation: 0.1875

Sending: 75W
75W
Response: 75W
  1 2 3 4 5 6 7
1  , , , , , ,X
2 X, , , , , ,O
3 O, , , , , ,X
4  ,X, , , ,O, 
5  ,O, , , ,X, 
6  ,X, , , , ,O
7  ,O, , , , , 
move #6
25487496 nodes searched with max depth 13
turn took 19.001 seconds
action: 75W
position evaluation: -1.09375

  1 2 3 4 5 6 7
1  , , , , , ,X
2 X, , , , , ,O
3 O, , , , , ,X
4  ,X, , , ,O, 
5  ,O, , , ,X,O
6  ,X, , , , , 
7  ,O, , , , , 
move #7
turn took 19.009 seconds
action: 76N
position evaluation: -0.09375

Sending: 73W
73W
Response: 73W
  1 2 3 4 5 6 7
1  , , , , , ,X
2 X, , , , , ,O
3 O, , , , ,X, 
4  ,X, , , ,O, 
5  ,O, , , ,X,O
6  ,X, , , , , 
7  ,O, , , , , 
move #8
27081016 nodes searched with max depth 13
turn took 19.001 seconds
action: 73W
position evaluation: -1.8125

  1 2 3 4 5 6 7
1  , , , , , ,X
2 X, , , , , ,O
3  ,O, , , ,X, 
4  ,X, , , ,O, 
5  ,O, , , ,X,O
6  ,X, , , , , 
7  ,O, , , , , 
move #9
turn took 19.015 seconds
action: 13E
position evaluation: -0.513672

Sending: 24E
24E
Response: 24E
  1 2 3 4 5 6 7
1  , , , , , ,X
2 X, , , , , ,O
3  ,O, , , ,X, 
4  , ,X, , ,O, 
5  ,O, , , ,X,O
6  ,X, , , , , 
7  ,O, , , , , 
move #10
23596387 nodes searched with max depth 14
turn took 19.001 seconds
action: 24E
position evaluation: -1.76367

  1 2 3 4 5 6 7
1  , , , , , ,X
2 X, , , , , ,O
3  ,O, , , ,X, 
4  , ,X, , ,O, 
5  , ,O, , ,X,O
6  ,X, , , , , 
7  ,O, , , , , 
move #11
turn took 19.01 seconds
action: 25E
position evaluation: -0.669922

Sending: 12E
12E
Response: 12E
  1 2 3 4 5 6 7
1  , , , , , ,X
2  ,X, , , , ,O
3  ,O, , , ,X, 
4  , ,X, , ,O, 
5  , ,O, , ,X,O
6  ,X, , , , , 
7  ,O, , , , , 
move #12
27247845 nodes searched with max depth 12
turn took 19.001 seconds
action: 12E
position evaluation: -1.50391

  1 2 3 4 5 6 7
1  , , , , , ,X
2  ,X, , , ,O, 
3  ,O, , , ,X, 
4  , ,X, , ,O, 
5  , ,O, , ,X,O
6  ,X, , , , , 
7  ,O, , , , , 
move #13
turn took 19.014 seconds
action: 72W
position evaluation: 0.166016

Sending: 34E
34E
Response: 34E
  1 2 3 4 5 6 7
1  , , , , , ,X
2  ,X, , , ,O, 
3  ,O, , , ,X, 
4  , , ,X, ,O, 
5  , ,O, , ,X,O
6  ,X, , , , , 
7  ,O, , , , , 
move #14
29102855 nodes searched with max depth 12
turn took 19.001 seconds
action: 34E
position evaluation: -0.0625

  1 2 3 4 5 6 7
1  , , , , , ,X
2  ,X, , , ,O, 
3  , ,O, , ,X, 
4  , , ,X, ,O, 
5  , ,O, , ,X,O
6  ,X, , , , , 
7  ,O, , , , , 
move #15
turn took 19.011 seconds
action: 23E
position evaluation: 1.1875

Sending: 44E
44E
Response: 44E
  1 2 3 4 5 6 7
1  , , , , , ,X
2  ,X, , , ,O, 
3  , ,O, , ,X, 
4  , , , ,X,O, 
5  , ,O, , ,X,O
6  ,X, , , , , 
7  ,O, , , , , 
move #16
26526810 nodes searched with max depth 12
turn took 19.001 seconds
action: 44E
position evaluation: -0.583984

  1 2 3 4 5 6 7
1  , , , , , ,X
2  ,X, , ,O, , 
3  , ,O, , ,X, 
4  , , , ,X,O, 
5  , ,O, , ,X,O
6  ,X, , , , , 
7  ,O, , , , , 
move #17
turn took 19.016 seconds
action: 62W
position evaluation: -0.349609

Sending: 65W
65W
Response: 65W
  1 2 3 4 5 6 7
1  , , , , , ,X
2  ,X, , ,O, , 
3  , ,O, , ,X, 
4  , , , ,X,O, 
5  , ,O, ,X, ,O
6  ,X, , , , , 
7  ,O, , , , , 
move #18
30560796 nodes searched with max depth 12
turn took 19 seconds
action: 65W
position evaluation: -1.56836

  1 2 3 4 5 6 7
1  , , , , , ,X
2  ,X, , ,O, , 
3  , ,O, , ,X, 
4  , , , ,X,O, 
5  , , ,O,X, ,O
6  ,X, , , , , 
7  ,O, , , , , 
move #19
turn took 19.01 seconds
action: 35E
position evaluation: -1.33398

Sending: 63W
63W
Response: 63W
  1 2 3 4 5 6 7
1  , , , , , ,X
2  ,X, , ,O, , 
3  , ,O, ,X, , 
4  , , , ,X,O, 
5  , , ,O,X, ,O
6  ,X, , , , , 
7  ,O, , , , , 
move #20
27466130 nodes searched with max depth 13
turn took 19.001 seconds
action: 63W
position evaluation: -3.55273

  1 2 3 4 5 6 7
1  , , , , , ,X
2  ,X, , ,O, , 
3  , ,O, ,X,O, 
4  , , , ,X, , 
5  , , ,O,X, ,O
6  ,X, , , , , 
7  ,O, , , , , 
move #21
turn took 19.017 seconds
action: 64N
position evaluation: -3.78711

Sending: 26E
26E
Response: 26E
  1 2 3 4 5 6 7
1  , , , , , ,X
2  ,X, , ,O, , 
3  , ,O, ,X,O, 
4  , , , ,X, , 
5  , , ,O,X, ,O
6  , ,X, , , , 
7  ,O, , , , , 
move #22
28840661 nodes searched with max depth 12
turn took 19.001 seconds
action: 26E
position evaluation: -4.01562

  1 2 3 4 5 6 7
1  , , , , , ,X
2  ,X, , ,O, , 
3  , ,O, ,X,O, 
4  , , , ,X, , 
5  , , , ,X, ,O
6  , ,X,O, , , 
7  ,O, , , , , 
move #23
turn took 19.025 seconds
action: 45S
position evaluation: -5.26562

Sending: 71W
71W
Response: 71W
  1 2 3 4 5 6 7
1  , , , , ,X, 
2  ,X, , ,O, , 
3  , ,O, ,X,O, 
4  , , , ,X, , 
5  , , , ,X, ,O
6  , ,X,O, , , 
7  ,O, , , , , 
move #24
24007601 nodes searched with max depth 13
turn took 16.011 seconds
action: 71W
position evaluation: -5.26562

  1 2 3 4 5 6 7
1  , , , , ,X, 
2  ,X, , ,O, , 
3  , ,O, ,X,O, 
4  , , , ,X, , 
5  , , , ,X, ,O
6  ,O,X,O, , , 
7  , , , , , , 
move #25
turn took 19.009 seconds
action: 27N
position evaluation: -4.4375

Sending: 61S
61S
Response: 61S
  1 2 3 4 5 6 7
1  , , , , , , 
2  ,X, , ,O,X, 
3  , ,O, ,X,O, 
4  , , , ,X, , 
5  , , , ,X, ,O
6  ,O,X,O, , , 
7  , , , , , , 
move #26
112108 nodes searched with max depth 7
turn took 0.094 seconds
action: 61S
position evaluation: -6.42773

  1 2 3 4 5 6 7
1  , , , , , , 
2  ,X, , ,O,X, 
3  , ,O, ,X,O, 
4  , , , ,X, ,O
5  , , , ,X, , 
6  ,O,X,O, , , 
7  , , , , , , 
move #27
turn took 19.022 seconds
action: 75N
position evaluation: -4.42773

Sending: 54W
54W
Response: 54W
  1 2 3 4 5 6 7
1  , , , , , , 
2  ,X, , ,O,X, 
3  , ,O, ,X,O, 
4  , , ,X, , ,O
5  , , , ,X, , 
6  ,O,X,O, , , 
7  , , , , , , 
move #28
368 nodes searched with max depth 3
turn took 0.001 seconds
action: 54W
position evaluation: -4.65625

  1 2 3 4 5 6 7
1  , , , , , , 
2  ,X, , ,O,X, 
3  , ,O, ,X,O, 
4  , , ,X, , ,O
5  , , ,O,X, , 
6  ,O,X, , , , 
7  , , , , , , 
move #29
turn took 19.01 seconds
action: 46N
position evaluation: -3.4375

Sending: 36N
36N
Response: 36N
  1 2 3 4 5 6 7
1  , , , , , , 
2  ,X, , ,O,X, 
3  , ,O, ,X,O, 
4  , , ,X, , ,O
5  , ,X,O,X, , 
6  ,O, , , , , 
7  , , , , , , 
move #30
8 nodes searched with max depth 1
turn took 0 seconds
action: 36N
position evaluation: -7.65625

we won!
Connection closed by foreign host.
