Sending: round-1.andrei.juliette white
round-1.andrei.juliette white
Response: Trying 132.206.74.217...
Response: Connected to vivaldi.cim.mcgill.ca.
Response: Escape character is '^]'.
Response: round-1.andrei.juliette white
  1 2 3 4 5 6 7
1  , , , , , ,X
2 X, , , , , ,O
3 O, , , , , ,X
4 X, , , , , ,O
5 O, , , , , ,X
6 X, , , , , ,O
7 O, , , , , , 
Sending: 74W
74W
Response: 74W
  1 2 3 4 5 6 7
1  , , , , , ,X
2 X, , , , , ,O
3 O, , , , , ,X
4 X, , , , ,O, 
5 O, , , , , ,X
6 X, , , , , ,O
7 O, , , , , , 
move #1
25765397 nodes searched with max depth 14
turn took 19.001 seconds
action: 74W
position evaluation: 1.1875

  1 2 3 4 5 6 7
1  , , , , , ,X
2 X, , , , , ,O
3 O, , , , , ,X
4  ,X, , , ,O, 
5 O, , , , , ,X
6 X, , , , , ,O
7 O, , , , , , 
move #2
turn took 19.852 seconds
action: 14E
position evaluation: 0

Sending: 64W
64W
Response: 64W
  1 2 3 4 5 6 7
1  , , , , , ,X
2 X, , , , , ,O
3 O, , , , , ,X
4  ,X, , ,O, , 
5 O, , , , , ,X
6 X, , , , , ,O
7 O, , , , , , 
move #3
22222778 nodes searched with max depth 14
turn took 19.003 seconds
action: 64W
position evaluation: 1

  1 2 3 4 5 6 7
1  , , , , , ,X
2 X, , , , , ,O
3 O, , , , ,X, 
4  ,X, , ,O, , 
5 O, , , , , ,X
6 X, , , , , ,O
7 O, , , , , , 
move #4
turn took 19.812 seconds
action: 73W
position evaluation: 0

Sending: 76W
76W
Response: 76W
  1 2 3 4 5 6 7
1  , , , , , ,X
2 X, , , , , ,O
3 O, , , , ,X, 
4  ,X, , ,O, , 
5 O, , , , , ,X
6 X, , , , ,O, 
7 O, , , , , , 
move #5
20558167 nodes searched with max depth 14
turn took 19 seconds
action: 76W
position evaluation: 0.8125

  1 2 3 4 5 6 7
1  , , , , , ,X
2 X, , , , , ,O
3 O, , , , ,X, 
4  , , , ,O, , 
5 O,X, , , , ,X
6 X, , , , ,O, 
7 O, , , , , , 
move #6
turn took 19.818 seconds
action: 24S
position evaluation: 0

Sending: 66N
66N
Response: 66N
  1 2 3 4 5 6 7
1  , , , , , ,X
2 X, , , , , ,O
3 O, , , , ,X, 
4  , , , ,O, , 
5 O,X, , , ,O,X
6 X, , , , , , 
7 O, , , , , , 
move #7
16393564 nodes searched with max depth 14
turn took 19.064 seconds
action: 66N
position evaluation: 1.1875

  1 2 3 4 5 6 7
1  , , , , , ,X
2 X, , , , , ,O
3 O, , , ,X, , 
4  , , , ,O, , 
5 O,X, , , ,O,X
6 X, , , , , , 
7 O, , , , , , 
move #8
turn took 19.807 seconds
action: 63W
position evaluation: 0.1875

Sending: 13E
13E
Response: 13E
  1 2 3 4 5 6 7
1  , , , , , ,X
2 X, , , , , ,O
3  ,O, , ,X, , 
4  , , , ,O, , 
5 O,X, , , ,O,X
6 X, , , , , , 
7 O, , , , , , 
move #9
19996351 nodes searched with max depth 14
turn took 19 seconds
action: 13E
position evaluation: 1.58008

  1 2 3 4 5 6 7
1  , , , , , ,X
2 X, , , , , ,O
3  ,O, ,X, , , 
4  , , , ,O, , 
5 O,X, , , ,O,X
6 X, , , , , , 
7 O, , , , , , 
move #10
turn took 19.813 seconds
action: 53W
position evaluation: 1.39258

Sending: 72W
72W
Response: 72W
  1 2 3 4 5 6 7
1  , , , , , ,X
2 X, , , , ,O, 
3  ,O, ,X, , , 
4  , , , ,O, , 
5 O,X, , , ,O,X
6 X, , , , , , 
7 O, , , , , , 
move #11
23007266 nodes searched with max depth 13
turn took 19 seconds
action: 72W
position evaluation: 3.0625

  1 2 3 4 5 6 7
1  , , , , , ,X
2 X, , , , ,O, 
3  ,O,X, , , , 
4  , , , ,O, , 
5 O,X, , , ,O,X
6 X, , , , , , 
7 O, , , , , , 
move #12
turn took 19.803 seconds
action: 43W
position evaluation: 3.25

Sending: 17E
17E
Response: 17E
  1 2 3 4 5 6 7
1  , , , , , ,X
2 X, , , , ,O, 
3  ,O,X, , , , 
4  , , , ,O, , 
5 O,X, , , ,O,X
6 X, , , , , , 
7  ,O, , , , , 
move #13
23842204 nodes searched with max depth 12
turn took 19.001 seconds
action: 17E
position evaluation: 3.25

  1 2 3 4 5 6 7
1  , , , , , ,X
2 X, , , , ,O, 
3  ,O,X, , , , 
4  , , , ,O, ,X
5 O,X, , , ,O, 
6 X, , , , , , 
7  ,O, , , , , 
move #14
turn took 19.813 seconds
action: 75N
position evaluation: 3.25

Sending: 27N
27N
Response: 27N
  1 2 3 4 5 6 7
1  , , , , , ,X
2 X, , , , ,O, 
3  ,O,X, , , , 
4  , , , ,O, ,X
5 O,X, , , ,O, 
6 X,O, , , , , 
7  , , , , , , 
move #15
27740398 nodes searched with max depth 12
turn took 19.001 seconds
action: 27N
position evaluation: 5.08398

  1 2 3 4 5 6 7
1  , , , , , ,X
2  , , , , ,O, 
3 X,O,X, , , , 
4  , , , ,O, ,X
5 O,X, , , ,O, 
6 X,O, , , , , 
7  , , , , , , 
move #16
turn took 19.81 seconds
action: 12S
position evaluation: 5.08398

Sending: 62S
62S
Response: 62S
  1 2 3 4 5 6 7
1  , , , , , ,X
2  , , , , , , 
3 X,O,X, , ,O, 
4  , , , ,O, ,X
5 O,X, , , ,O, 
6 X,O, , , , , 
7  , , , , , , 
move #17
3596255 nodes searched with max depth 11
turn took 2.386 seconds
action: 62S
position evaluation: 6.3125

  1 2 3 4 5 6 7
1  , , , , , ,X
2  , , , , , , 
3 X,O,X, , ,O,X
4  , , , ,O, , 
5 O,X, , , ,O, 
6 X,O, , , , , 
7  , , , , , , 
move #18
turn took 19.81 seconds
action: 74N
position evaluation: 6.3125

Sending: 65W
65W
Response: 65W
  1 2 3 4 5 6 7
1  , , , , , ,X
2  , , , , , , 
3 X,O,X, , ,O,X
4  , , , ,O, , 
5 O,X, , ,O, , 
6 X,O, , , , , 
7  , , , , , , 
move #19
653246 nodes searched with max depth 9
turn took 0.52 seconds
action: 65W
position evaluation: 7.53125

  1 2 3 4 5 6 7
1  , , , , , ,X
2  , , , , , , 
3 X,O,X, , ,O,X
4  , , , ,O, , 
5 O, ,X, ,O, , 
6 X,O, , , , , 
7  , , , , , , 
move #20
turn took 19.806 seconds
action: 25E
position evaluation: 7.53125

Sending: 26E
26E
Response: 26E
  1 2 3 4 5 6 7
1  , , , , , ,X
2  , , , , , , 
3 X,O,X, , ,O,X
4  , , , ,O, , 
5 O, ,X, ,O, , 
6 X, ,O, , , , 
7  , , , , , , 
move #21
92856 nodes searched with max depth 7
turn took 0.083 seconds
action: 26E
position evaluation: 6.75977

  1 2 3 4 5 6 7
1  , , , , , ,X
2  , , , , , , 
3 X,O,X, , ,O,X
4  , , , ,O, , 
5 O, , ,X,O, , 
6 X, ,O, , , , 
7  , , , , , , 
move #22
turn took 19.808 seconds
action: 35E
position evaluation: 6.57227

Sending: 36E
36E
Response: 36E
  1 2 3 4 5 6 7
1  , , , , , ,X
2  , , , , , , 
3 X,O,X, , ,O,X
4  , , , ,O, , 
5 O, , ,X,O, , 
6 X, , ,O, , , 
7  , , , , , , 
move #23
10065 nodes searched with max depth 5
turn took 0.011 seconds
action: 36E
position evaluation: 7.80078

  1 2 3 4 5 6 7
1  , , , , , ,X
2  , , , , , , 
3  ,O,X, , ,O,X
4 X, , , ,O, , 
5 O, , ,X,O, , 
6 X, , ,O, , , 
7  , , , , , , 
move #24
turn took 19.803 seconds
action: 13S
position evaluation: 7.80078

Sending: 63W
63W
Response: 63W
  1 2 3 4 5 6 7
1  , , , , , ,X
2  , , , , , , 
3  ,O,X, ,O, ,X
4 X, , , ,O, , 
5 O, , ,X,O, , 
6 X, , ,O, , , 
7  , , , , , , 
move #25
278 nodes searched with max depth 3
turn took 0.001 seconds
action: 63W
position evaluation: 10.0195

  1 2 3 4 5 6 7
1  , , , , , ,X
2  , , , , , , 
3 X,O,X, ,O, ,X
4  , , , ,O, , 
5 O, , ,X,O, , 
6 X, , ,O, , , 
7  , , , , , , 
move #26
turn took 19.811 seconds
action: 14N
position evaluation: 10.0195

Sending: 46E
46E
Response: 46E
  1 2 3 4 5 6 7
1  , , , , , ,X
2  , , , , , , 
3 X,O,X, ,O, ,X
4  , , , ,O, , 
5 O, , ,X,O, , 
6 X, , , ,O, , 
7  , , , , , , 
move #27
6 nodes searched with max depth 1
turn took 0.007 seconds
action: 46E
position evaluation: 11.791

we won!
Connection closed by foreign host.
