Sending: round-7.andrei.alex white
round-7.andrei.alex white
Response: Trying 132.206.74.217...
Response: Connected to vivaldi.cim.mcgill.ca.
Response: Escape character is '^]'.
Response: round-7.andrei.alex white
  1 2 3 4 5 6 7
1  , , , , , ,X
2 X, , , , , ,O
3 O, , , , , ,X
4 X, , , , , ,O
5 O, , , , , ,X
6 X, , , , , ,O
7 O, , , , , , 
Sending: 74W
74W
Response: 74W
  1 2 3 4 5 6 7
1  , , , , , ,X
2 X, , , , , ,O
3 O, , , , , ,X
4 X, , , , ,O, 
5 O, , , , , ,X
6 X, , , , , ,O
7 O, , , , , , 
move #1
29879741 nodes searched with max depth 15
turn took 19.001 seconds
action: 74W
position evaluation: 1.1875

Connection closed by foreign host.
terminate called without an active exception
